2021-07-28T19:58:39.137Z [32minfo[39m: 	⚡️[server]:  API is running at port :5000  
2021-07-28T19:58:41.965Z [32minfo[39m: 	Successfully connected to database
2021-07-28T20:00:00.286Z [32minfo[39m: 	⚡️[server]:  API is running at port :5000  
2021-07-28T20:00:03.084Z [32minfo[39m: 	Successfully connected to database
2021-07-28T20:00:23.840Z [32minfo[39m: 	⚡️[server]:  API is running at port :5000  
2021-07-28T20:00:45.366Z [31merror[39m: 	Error while connecting to database:  connect ETIMEDOUT 65.0.246.41:27017
2021-07-28T20:01:26.985Z [31merror[39m: 	Error while connecting to database:  connect ETIMEDOUT 65.0.246.41:27017
2021-07-28T20:01:29.532Z [32minfo[39m: 	Successfully connected to database
2021-07-28T20:01:33.000Z [32minfo[39m: 	⚡️[server]:  API is running at port :5000  
2021-07-28T20:01:34.395Z [32minfo[39m: 	Successfully connected to database
2021-07-28T20:01:49.409Z [32minfo[39m: 	⚡️[server]:  API is running at port :5000  
2021-07-28T20:01:51.248Z [32minfo[39m: 	Successfully connected to database
2021-07-28T20:09:20.406Z [32minfo[39m: 	⚡️[server]:  API is running at port :5000  
2021-07-28T20:09:43.824Z [31merror[39m: 	Error while connecting to database:  connect ETIMEDOUT 65.0.246.41:27017
2021-07-28T20:09:45.032Z [32minfo[39m: 	Successfully connected to database
2021-07-28T20:10:46.046Z [32minfo[39m: 	⚡️[server]:  API is running at port :5000  
2021-07-28T20:10:48.726Z [32minfo[39m: 	Successfully connected to database
2021-07-28T20:10:59.128Z [32minfo[39m: 	⚡️[server]:  API is running at port :5000  
2021-07-28T20:11:10.419Z [32minfo[39m: 	Successfully connected to database
2021-07-28T20:12:33.259Z [32minfo[39m: 	⚡️[server]:  API is running at port :5000  
2021-07-28T20:12:38.996Z [32minfo[39m: 	Successfully connected to database
2021-07-28T20:12:50.700Z [32minfo[39m: 	⚡️[server]:  API is running at port :5000  
2021-07-28T20:12:52.021Z [32minfo[39m: 	Successfully connected to database
2021-07-28T20:14:09.684Z [32minfo[39m: 	⚡️[server]:  API is running at port :5000  
2021-07-28T20:14:11.079Z [32minfo[39m: 	Successfully connected to database
2021-07-28T20:15:27.268Z [32minfo[39m: 	⚡️[server]:  API is running at port :5000  
2021-07-28T20:15:28.706Z [32minfo[39m: 	Successfully connected to database
2021-07-28T20:18:36.533Z [32minfo[39m: 	⚡️[server]:  API is running at port :5000  
2021-07-28T20:18:38.132Z [32minfo[39m: 	Successfully connected to database
2021-07-28T20:19:22.716Z [32minfo[39m: 	⚡️[server]:  API is running at port :5000  
2021-07-28T20:19:24.000Z [32minfo[39m: 	Successfully connected to database
2021-07-28T20:26:59.214Z [32minfo[39m: 	⚡️[server]:  API is running at port :5000  
2021-07-28T20:27:01.660Z [32minfo[39m: 	Successfully connected to database
2021-07-28T20:27:33.925Z [32minfo[39m: 	⚡️[server]:  API is running at port :5000  
2021-07-28T20:27:55.641Z [31merror[39m: 	Error while connecting to database:  connect ETIMEDOUT 65.0.246.41:27017
2021-07-28T20:27:57.067Z [32minfo[39m: 	Successfully connected to database
2021-07-28T20:28:01.805Z [32minfo[39m: 	⚡️[server]:  API is running at port :5000  
2021-07-28T20:28:23.621Z [31merror[39m: 	Error while connecting to database:  connect ETIMEDOUT 65.0.246.41:27017
2021-07-28T20:28:24.869Z [32minfo[39m: 	Successfully connected to database
2021-07-28T20:28:26.761Z [32minfo[39m: 	⚡️[server]:  API is running at port :5000  
2021-07-28T20:28:28.009Z [32minfo[39m: 	Successfully connected to database
2021-07-28T20:29:20.606Z [32minfo[39m: 	⚡️[server]:  API is running at port :5000  
2021-07-28T20:29:23.749Z [32minfo[39m: 	Successfully connected to database
2021-07-28T20:29:28.009Z [32minfo[39m: 	⚡️[server]:  API is running at port :5000  
2021-07-28T20:29:29.296Z [32minfo[39m: 	Successfully connected to database
2021-07-28T20:30:07.339Z [32minfo[39m: 	⚡️[server]:  API is running at port :5000  
2021-07-28T20:30:09.112Z [32minfo[39m: 	Successfully connected to database
2021-07-28T20:32:17.957Z [32minfo[39m: 	⚡️[server]:  API is running at port :5000  
2021-07-28T20:32:19.606Z [32minfo[39m: 	Successfully connected to database
2021-07-28T20:33:14.854Z [32minfo[39m: 	⚡️[server]:  API is running at port :5000  
2021-07-28T20:33:16.422Z [32minfo[39m: 	Successfully connected to database
2021-07-28T20:33:47.732Z [32minfo[39m: 	⚡️[server]:  API is running at port :5000  
2021-07-28T20:33:50.904Z [32minfo[39m: 	Successfully connected to database
2021-07-28T20:34:09.404Z [32minfo[39m: 	⚡️[server]:  API is running at port :5000  
2021-07-28T20:34:10.688Z [32minfo[39m: 	Successfully connected to database
2021-07-28T20:34:54.764Z [31merror[39m: 	Middleware[registration]
2021-07-28T20:35:25.154Z [32minfo[39m: 	⚡️[server]:  API is running at port :5000  
2021-07-28T20:35:42.299Z [32minfo[39m: 	⚡️[server]:  API is running at port :5000  
2021-07-28T20:35:43.594Z [32minfo[39m: 	Successfully connected to database
2021-07-28T20:35:57.486Z [31merror[39m: 	Unhandled Rejection TypeError: Cannot read property 'save' of null
2021-07-28T20:36:44.817Z [32minfo[39m: 	⚡️[server]:  API is running at port :5000  
2021-07-28T20:36:47.983Z [32minfo[39m: 	Successfully connected to database
2021-07-28T20:36:57.484Z [31merror[39m: 	Unhandled Rejection TypeError: Cannot read property 'save' of null
2021-07-28T20:37:33.569Z [32minfo[39m: 	⚡️[server]:  API is running at port :5000  
2021-07-28T20:37:34.846Z [32minfo[39m: 	Successfully connected to database
2021-07-28T20:39:09.370Z [32minfo[39m: 	⚡️[server]:  API is running at port :5000  
2021-07-28T20:39:12.553Z [32minfo[39m: 	Successfully connected to database
2021-07-28T20:39:18.514Z [32minfo[39m: 	⚡️[server]:  API is running at port :5000  
2021-07-28T20:39:20.082Z [32minfo[39m: 	Successfully connected to database
2021-07-28T20:39:25.799Z [31merror[39m: 	[post/registration]Error occured while registration
2021-07-28T20:39:43.456Z [32minfo[39m: 	⚡️[server]:  API is running at port :5000  
2021-07-28T20:39:56.847Z [31merror[39m: 	Unhandled Rejection MongooseError: Operation `users.findOne()` buffering timed out after 10000ms
2021-07-28T20:40:04.982Z [31merror[39m: 	Error while connecting to database:  connect ETIMEDOUT 65.0.246.41:27017
2021-07-28T20:40:06.627Z [32minfo[39m: 	Successfully connected to database
2021-07-28T20:40:11.587Z [31merror[39m: 	[post/registration]Error occured while registration
2021-07-28T20:40:39.328Z [32minfo[39m: 	⚡️[server]:  API is running at port :5000  
2021-07-28T20:40:40.630Z [32minfo[39m: 	Successfully connected to database
2021-07-28T20:41:00.922Z [32minfo[39m: 	⚡️[server]:  API is running at port :5000  
2021-07-28T20:41:02.203Z [32minfo[39m: 	Successfully connected to database
2021-07-28T20:41:07.196Z [32minfo[39m: 	⚡️[server]:  API is running at port :5000  
2021-07-28T20:41:08.485Z [32minfo[39m: 	Successfully connected to database
2021-07-28T20:42:08.664Z [31merror[39m: 	Unhandled Rejection ReferenceError: err is not defined
2021-07-28T20:42:14.893Z [32minfo[39m: 	⚡️[server]:  API is running at port :5000  
2021-07-28T20:42:16.270Z [32minfo[39m: 	Successfully connected to database
2021-07-28T20:42:21.997Z [31merror[39m: 	Unhandled Rejection ReferenceError: err is not defined
2021-07-28T20:43:23.105Z [32minfo[39m: 	⚡️[server]:  API is running at port :5000  
2021-07-28T20:43:24.432Z [32minfo[39m: 	Successfully connected to database
2021-07-28T20:44:34.723Z [32minfo[39m: 	⚡️[server]:  API is running at port :5000  
2021-07-28T20:44:36.368Z [32minfo[39m: 	Successfully connected to database
2021-07-28T20:45:55.525Z [32minfo[39m: 	⚡️[server]:  API is running at port :5000  
2021-07-28T20:46:20.342Z [32minfo[39m: 	⚡️[server]:  API is running at port :5000  
2021-07-28T20:46:21.615Z [32minfo[39m: 	Successfully connected to database
2021-07-28T20:46:54.081Z [32minfo[39m: 	⚡️[server]:  API is running at port :5000  
2021-07-28T20:47:06.484Z [32minfo[39m: 	Successfully connected to database
2021-07-28T20:48:02.364Z [32minfo[39m: 	⚡️[server]:  API is running at port :5000  
2021-07-28T20:48:07.933Z [32minfo[39m: 	⚡️[server]:  API is running at port :5000  
2021-07-28T20:48:11.083Z [32minfo[39m: 	Successfully connected to database
2021-07-28T20:48:40.914Z [32minfo[39m: 	⚡️[server]:  API is running at port :5000  
2021-07-28T20:48:42.145Z [32minfo[39m: 	Successfully connected to database
2021-07-28T20:50:04.662Z [32minfo[39m: 	⚡️[server]:  API is running at port :5000  
2021-07-28T20:50:06.634Z [32minfo[39m: 	Successfully connected to database
2021-07-28T20:50:45.725Z [32minfo[39m: 	⚡️[server]:  API is running at port :5000  
2021-07-28T20:50:47.018Z [32minfo[39m: 	Successfully connected to database
2021-07-28T20:52:56.099Z [32minfo[39m: 	⚡️[server]:  API is running at port :5000  
2021-07-28T20:53:19.343Z [32minfo[39m: 	Successfully connected to database
2021-07-28T20:53:21.296Z [31merror[39m: 	[post/registration]Error occured while registration a@ecom.gmail.com
2021-07-28T20:54:17.872Z [32minfo[39m: 	⚡️[server]:  API is running at port :5000  
2021-07-28T20:54:40.545Z [31merror[39m: 	Error while connecting to database:  connect ETIMEDOUT 65.0.246.41:27017
2021-07-28T20:55:01.749Z [32minfo[39m: 	Successfully connected to database
2021-07-28T20:55:25.081Z [32minfo[39m: 	⚡️[server]:  API is running at port :5000  
2021-07-28T20:55:27.512Z [32minfo[39m: 	Successfully connected to database
2021-07-28T21:00:59.365Z [32minfo[39m: 	⚡️[server]:  API is running at port :5000  
2021-07-28T21:01:20.752Z [32minfo[39m: 	Successfully connected to database
2021-07-28T21:11:33.443Z [32minfo[39m: 	⚡️[server]:  API is running at port :5000  
2021-07-28T21:12:05.314Z [31merror[39m: 	Error while connecting to database:  connect ETIMEDOUT 65.0.246.41:27017
2021-07-28T21:12:06.502Z [32minfo[39m: 	Successfully connected to database
2021-07-28T21:12:34.576Z [32minfo[39m: 	⚡️[server]:  API is running at port :5000  
2021-07-28T21:12:36.797Z [32minfo[39m: 	Successfully connected to database
2021-07-28T21:12:59.848Z [32minfo[39m: 	⚡️[server]:  API is running at port :5000  
2021-07-28T21:13:01.118Z [32minfo[39m: 	Successfully connected to database
2021-07-28T21:13:31.609Z [32minfo[39m: 	⚡️[server]:  API is running at port :5000  
2021-07-28T21:13:48.265Z [32minfo[39m: 	⚡️[server]:  API is running at port :5000  
2021-07-28T21:13:50.228Z [32minfo[39m: 	Successfully connected to database
2021-07-28T21:18:28.042Z [32minfo[39m: 	⚡️[server]:  API is running at port :5000  
2021-07-28T21:18:29.997Z [32minfo[39m: 	Successfully connected to database
2021-07-28T21:19:16.172Z [32minfo[39m: 	⚡️[server]:  API is running at port :5000  
2021-07-28T21:19:17.357Z [32minfo[39m: 	Successfully connected to database
2021-07-28T21:20:34.661Z [32minfo[39m: 	⚡️[server]:  API is running at port :5000  
2021-07-28T21:20:36.423Z [32minfo[39m: 	Successfully connected to database
2021-07-28T21:21:27.992Z [32minfo[39m: 	⚡️[server]:  API is running at port :5000  
2021-07-28T21:21:40.190Z [32minfo[39m: 	Successfully connected to database
2021-07-28T21:22:54.556Z [32minfo[39m: 	⚡️[server]:  API is running at port :5000  
2021-07-28T21:23:22.164Z [31merror[39m: 	Error while connecting to database:  connect ETIMEDOUT 65.0.246.41:27017
2021-07-28T21:23:23.374Z [32minfo[39m: 	Successfully connected to database
2021-07-28T21:24:19.612Z [32minfo[39m: 	⚡️[server]:  API is running at port :5000  
2021-07-28T21:24:31.176Z [32minfo[39m: 	Successfully connected to database
2021-07-28T21:25:40.499Z [31merror[39m: 	Middleware[registration]
2021-07-28T21:25:50.452Z [31merror[39m: 	[post/login]Invalid email or password ecom@gmail.com
2021-07-28T21:26:32.826Z [32minfo[39m: 	⚡️[server]:  API is running at port :5000  
2021-07-28T21:26:34.308Z [32minfo[39m: 	Successfully connected to database
2021-07-28T21:29:11.880Z [31merror[39m: 	[post/login]Invalid email or password ecom@gmail.com
2021-07-28T21:29:56.727Z [32minfo[39m: 	⚡️[server]:  API is running at port :5000  
2021-07-28T21:30:18.732Z [32minfo[39m: 	Successfully connected to database
2021-07-28T21:30:28.191Z [32minfo[39m: 	Successfully connected to database
2021-07-28T21:32:44.418Z [32minfo[39m: 	⚡️[server]:  API is running at port :5000  
2021-07-28T21:33:00.311Z [32minfo[39m: 	⚡️[server]:  API is running at port :5000  
2021-07-28T21:33:21.830Z [31merror[39m: 	Error while connecting to database:  connect ETIMEDOUT 65.0.246.41:27017
2021-07-28T21:33:23.043Z [32minfo[39m: 	Successfully connected to database
2021-07-28T21:33:41.602Z [32minfo[39m: 	⚡️[server]:  API is running at port :5000  
2021-07-28T21:33:42.856Z [32minfo[39m: 	Successfully connected to database
2021-07-28T21:35:36.347Z [32minfo[39m: 	⚡️[server]:  API is running at port :5000  
2021-07-28T21:35:53.343Z [32minfo[39m: 	⚡️[server]:  API is running at port :5000  
2021-07-28T21:35:54.567Z [32minfo[39m: 	Successfully connected to database
2021-07-28T21:36:14.200Z [32minfo[39m: 	⚡️[server]:  API is running at port :5000  
2021-07-28T21:36:15.453Z [32minfo[39m: 	Successfully connected to database
2021-07-28T21:36:59.298Z [31merror[39m: 	[post/login]Invalid email or password ecom@gmail.com
2021-07-28T21:37:08.780Z [31merror[39m: 	[post/registration]Error occured while registration ecom@gmail.com
2021-07-28T21:37:08.796Z [31merror[39m: 	Unhandled Rejection Error [ERR_HTTP_HEADERS_SENT]: Cannot set headers after they are sent to the client
2021-07-28T21:39:44.129Z [32minfo[39m: 	⚡️[server]:  API is running at port :5000  
2021-07-28T21:39:45.539Z [32minfo[39m: 	Successfully connected to database
2021-07-28T21:39:52.631Z [32minfo[39m: 	⚡️[server]:  API is running at port :5000  
2021-07-28T21:39:53.973Z [32minfo[39m: 	Successfully connected to database
2021-07-28T21:40:04.896Z [32minfo[39m: 	⚡️[server]:  API is running at port :5000  
2021-07-28T21:40:06.095Z [32minfo[39m: 	Successfully connected to database
2021-07-28T21:40:21.832Z [32minfo[39m: 	⚡️[server]:  API is running at port :5000  
2021-07-28T21:40:23.083Z [32minfo[39m: 	Successfully connected to database
2021-07-28T21:41:14.778Z [32minfo[39m: 	⚡️[server]:  API is running at port :5000  
2021-07-28T21:41:17.616Z [32minfo[39m: 	⚡️[server]:  API is running at port :5000  
2021-07-28T21:41:39.148Z [31merror[39m: 	Error while connecting to database:  connect ETIMEDOUT 65.0.246.41:27017
2021-07-28T21:41:40.350Z [32minfo[39m: 	Successfully connected to database
2021-07-28T21:41:50.050Z [32minfo[39m: 	⚡️[server]:  API is running at port :5000  
2021-07-28T21:41:51.217Z [32minfo[39m: 	Successfully connected to database
2021-07-28T21:42:43.763Z [32minfo[39m: 	⚡️[server]:  API is running at port :5000  
2021-07-28T21:42:45.414Z [32minfo[39m: 	Successfully connected to database
2021-07-28T21:43:30.865Z [32minfo[39m: 	⚡️[server]:  API is running at port :5000  
2021-07-28T21:43:42.651Z [32minfo[39m: 	Successfully connected to database
2021-07-28T21:44:57.048Z [31merror[39m: 	[post/login]Error occured while login 
2021-07-28T21:45:36.756Z [32minfo[39m: 	⚡️[server]:  API is running at port :5000  
2021-07-28T21:45:49.209Z [32minfo[39m: 	Successfully connected to database
2021-07-28T21:46:18.519Z [31merror[39m: 	[post/login]Error occured while login 
2021-07-28T21:47:35.733Z [32minfo[39m: 	⚡️[server]:  API is running at port :5000  
2021-07-28T21:47:37.211Z [32minfo[39m: 	Successfully connected to database
2021-07-28T21:47:44.992Z [32minfo[39m: 	⚡️[server]:  API is running at port :5000  
2021-07-28T21:47:46.281Z [32minfo[39m: 	Successfully connected to database
2021-07-28T21:47:56.491Z [31merror[39m: 	[post/login]Invalid email or password ecom@gmail.com
2021-07-28T21:47:56.494Z [31merror[39m: 	[post/login]Error occured while login 
2021-07-28T21:47:56.496Z [31merror[39m: 	Unhandled Rejection Error [ERR_HTTP_HEADERS_SENT]: Cannot set headers after they are sent to the client
2021-07-28T21:48:32.574Z [32minfo[39m: 	⚡️[server]:  API is running at port :5000  
2021-07-28T21:48:33.820Z [32minfo[39m: 	Successfully connected to database
2021-07-28T21:49:26.159Z [31merror[39m: 	[post/login]Invalid email or password ecom@gmail.com
2021-07-28T21:51:09.579Z [32minfo[39m: 	⚡️[server]:  API is running at port :5000  
2021-07-28T21:51:11.290Z [32minfo[39m: 	Successfully connected to database
2021-07-28T21:53:14.383Z [32minfo[39m: 	⚡️[server]:  API is running at port :5000  
2021-07-28T21:53:15.900Z [32minfo[39m: 	Successfully connected to database
2021-07-28T21:53:52.934Z [32minfo[39m: 	⚡️[server]:  API is running at port :5000  
2021-07-28T21:53:54.172Z [32minfo[39m: 	Successfully connected to database
2021-07-28T21:54:03.068Z [32minfo[39m: 	⚡️[server]:  API is running at port :5000  
2021-07-28T21:54:24.599Z [32minfo[39m: 	Successfully connected to database
2021-07-28T21:54:25.227Z [31merror[39m: 	[post/login]Invalid email or password ecom@gmail.com
2021-07-28T21:54:30.722Z [31merror[39m: 	[post/login]Invalid email  ecom@gmasil.com
2021-07-28T21:56:22.541Z [32minfo[39m: 	⚡️[server]:  API is running at port :5000  
2021-07-28T21:56:24.854Z [32minfo[39m: 	Successfully connected to database
2021-07-28T21:56:52.867Z [31merror[39m: 	[post/login]Invalid email  ecom@gmasil.com
2021-07-28T22:00:21.755Z [32minfo[39m: 	⚡️[server]:  API is running at port :5000  
2021-07-28T22:00:24.117Z [32minfo[39m: 	Successfully connected to database
2021-07-28T22:00:31.786Z [32minfo[39m: 	⚡️[server]:  API is running at port :5000  
2021-07-28T22:00:33.041Z [32minfo[39m: 	Successfully connected to database
2021-07-28T22:03:32.472Z [31merror[39m: 	[get/getUser/:id]Error occured while retriving the record 
2021-07-28T22:04:51.230Z [31merror[39m: 	[get/getUser/:id]Error occured while retriving the record 
2021-07-28T22:05:51.904Z [32minfo[39m: 	⚡️[server]:  API is running at port :5000  
2021-07-28T22:05:53.591Z [32minfo[39m: 	Successfully connected to database
2021-07-28T22:06:25.533Z [32minfo[39m: 	⚡️[server]:  API is running at port :5000  
2021-07-28T22:06:26.756Z [32minfo[39m: 	Successfully connected to database
2021-07-28T22:09:55.593Z [32minfo[39m: 	⚡️[server]:  API is running at port :5000  
2021-07-28T22:09:57.267Z [32minfo[39m: 	Successfully connected to database
2021-07-28T22:10:03.296Z [32minfo[39m: 	⚡️[server]:  API is running at port :5000  
2021-07-28T22:10:04.527Z [32minfo[39m: 	Successfully connected to database
2021-07-28T22:13:12.828Z [32minfo[39m: 	⚡️[server]:  API is running at port :5000  
2021-07-28T22:13:25.569Z [32minfo[39m: 	Successfully connected to database
2021-07-28T22:15:31.348Z [32minfo[39m: 	⚡️[server]:  API is running at port :5000  
2021-07-28T22:15:33.035Z [32minfo[39m: 	Successfully connected to database
2021-07-28T22:16:16.953Z [32minfo[39m: 	⚡️[server]:  API is running at port :5000  
2021-07-28T22:16:18.176Z [32minfo[39m: 	Successfully connected to database
2021-07-28T22:17:43.113Z [32minfo[39m: 	⚡️[server]:  API is running at port :5000  
2021-07-28T22:17:45.051Z [32minfo[39m: 	Successfully connected to database
2021-07-28T22:17:57.482Z [32minfo[39m: 	⚡️[server]:  API is running at port :5000  
2021-07-28T22:17:58.717Z [32minfo[39m: 	Successfully connected to database
2021-07-28T22:22:23.700Z [32minfo[39m: 	⚡️[server]:  API is running at port :5000  
2021-07-28T22:22:47.035Z [31merror[39m: 	Error while connecting to database:  connect ETIMEDOUT 65.0.246.41:27017
2021-07-28T22:22:48.214Z [32minfo[39m: 	Successfully connected to database
2021-07-28T22:24:45.851Z [32minfo[39m: 	⚡️[server]:  API is running at port :5000  
2021-07-28T22:24:48.568Z [32minfo[39m: 	Successfully connected to database
2021-07-28T22:29:31.525Z [32minfo[39m: 	⚡️[server]:  API is running at port :5000  
2021-07-28T22:29:39.124Z [32minfo[39m: 	⚡️[server]:  API is running at port :5000  
2021-07-28T22:29:40.377Z [32minfo[39m: 	Successfully connected to database
2021-07-28T22:31:23.537Z [32minfo[39m: 	⚡️[server]:  API is running at port :5000  
2021-07-28T22:31:24.947Z [32minfo[39m: 	Successfully connected to database
2021-07-28T22:35:01.753Z [32minfo[39m: 	⚡️[server]:  API is running at port :5000  
2021-07-28T22:35:03.145Z [32minfo[39m: 	Successfully connected to database
2021-07-28T22:35:09.529Z [32minfo[39m: 	⚡️[server]:  API is running at port :5000  
2021-07-28T22:35:10.770Z [32minfo[39m: 	Successfully connected to database
2021-07-28T22:36:17.880Z [32minfo[39m: 	⚡️[server]:  API is running at port :5000  
2021-07-28T22:36:20.463Z [32minfo[39m: 	Successfully connected to database
2021-07-28T22:36:45.857Z [32minfo[39m: 	⚡️[server]:  API is running at port :5000  
2021-07-28T22:36:47.097Z [32minfo[39m: 	Successfully connected to database
2021-07-28T22:37:04.973Z [32minfo[39m: 	⚡️[server]:  API is running at port :5000  
2021-07-28T22:37:16.659Z [32minfo[39m: 	⚡️[server]:  API is running at port :5000  
2021-07-28T22:37:17.906Z [32minfo[39m: 	Successfully connected to database
2021-07-28T22:37:24.647Z [32minfo[39m: 	⚡️[server]:  API is running at port :5000  
2021-07-28T22:37:47.372Z [31merror[39m: 	Error while connecting to database:  connect ETIMEDOUT 65.0.246.41:27017
2021-07-28T22:37:48.529Z [32minfo[39m: 	Successfully connected to database
2021-07-28T22:37:59.191Z [32minfo[39m: 	⚡️[server]:  API is running at port :5000  
2021-07-28T22:38:00.443Z [32minfo[39m: 	Successfully connected to database
2021-07-28T22:38:42.608Z [32minfo[39m: 	⚡️[server]:  API is running at port :5000  
2021-07-28T22:38:54.913Z [32minfo[39m: 	Successfully connected to database
2021-07-28T22:39:13.512Z [32minfo[39m: 	⚡️[server]:  API is running at port :5000  
2021-07-28T22:39:14.755Z [32minfo[39m: 	Successfully connected to database
2021-07-28T22:39:24.795Z [32minfo[39m: 	⚡️[server]:  API is running at port :5000  
2021-07-28T22:39:26.072Z [32minfo[39m: 	Successfully connected to database
2021-07-28T22:42:27.853Z [32minfo[39m: 	⚡️[server]:  API is running at port :5000  
2021-07-28T22:42:50.360Z [31merror[39m: 	Error while connecting to database:  connect ETIMEDOUT 65.0.246.41:27017
2021-07-28T22:42:51.568Z [32minfo[39m: 	Successfully connected to database
2021-07-28T22:47:42.164Z [32minfo[39m: 	⚡️[server]:  API is running at port :5000  
2021-07-28T22:47:43.927Z [32minfo[39m: 	Successfully connected to database
2021-07-28T22:49:14.809Z [32minfo[39m: 	⚡️[server]:  API is running at port :5000  
2021-07-28T22:49:18.283Z [32minfo[39m: 	Successfully connected to database
2021-07-28T22:49:33.513Z [32minfo[39m: 	⚡️[server]:  API is running at port :5000  
2021-07-28T22:49:34.826Z [32minfo[39m: 	Successfully connected to database
2021-07-28T22:49:51.356Z [32minfo[39m: 	⚡️[server]:  API is running at port :5000  
2021-07-28T22:49:52.661Z [32minfo[39m: 	Successfully connected to database
2021-07-28T22:51:24.749Z [32minfo[39m: 	⚡️[server]:  API is running at port :5000  
2021-07-28T22:51:26.173Z [32minfo[39m: 	Successfully connected to database
2021-07-28T22:53:35.957Z [32minfo[39m: 	⚡️[server]:  API is running at port :5000  
2021-07-28T22:53:39.483Z [32minfo[39m: 	Successfully connected to database
2021-07-28T22:56:40.137Z [32minfo[39m: 	⚡️[server]:  API is running at port :5000  
2021-07-28T22:56:43.244Z [32minfo[39m: 	Successfully connected to database
2021-07-28T22:59:33.309Z [32minfo[39m: 	⚡️[server]:  API is running at port :5000  
2021-07-28T22:59:45.659Z [32minfo[39m: 	Successfully connected to database
2021-07-28T23:00:05.016Z [32minfo[39m: 	⚡️[server]:  API is running at port :5000  
2021-07-28T23:00:16.243Z [32minfo[39m: 	Successfully connected to database
2021-07-28T23:00:37.351Z [32minfo[39m: 	⚡️[server]:  API is running at port :5000  
2021-07-28T23:00:49.249Z [32minfo[39m: 	Successfully connected to database
2021-07-28T23:05:39.740Z [32minfo[39m: 	⚡️[server]:  API is running at port :5000  
2021-07-28T23:05:41.200Z [32minfo[39m: 	Successfully connected to database
2021-07-28T23:07:24.731Z [32minfo[39m: 	⚡️[server]:  API is running at port :5000  
2021-07-28T23:07:26.363Z [32minfo[39m: 	Successfully connected to database
2021-07-28T23:08:13.704Z [32minfo[39m: 	⚡️[server]:  API is running at port :5000  
2021-07-28T23:08:14.973Z [32minfo[39m: 	Successfully connected to database
2021-07-28T23:09:25.698Z [32minfo[39m: 	⚡️[server]:  API is running at port :5000  
2021-07-28T23:09:29.427Z [32minfo[39m: 	⚡️[server]:  API is running at port :5000  
2021-07-28T23:09:30.692Z [32minfo[39m: 	Successfully connected to database
2021-07-28T23:10:08.110Z [32minfo[39m: 	⚡️[server]:  API is running at port :5000  
2021-07-28T23:10:09.394Z [32minfo[39m: 	Successfully connected to database
2021-07-28T23:10:26.751Z [32minfo[39m: 	⚡️[server]:  API is running at port :5000  
2021-07-28T23:10:28.185Z [32minfo[39m: 	Successfully connected to database
2021-07-28T23:16:31.746Z [32minfo[39m: 	⚡️[server]:  API is running at port :5000  
2021-07-28T23:16:33.469Z [32minfo[39m: 	Successfully connected to database
2021-07-28T23:18:13.188Z [32minfo[39m: 	⚡️[server]:  API is running at port :5000  
2021-07-28T23:18:15.948Z [32minfo[39m: 	Successfully connected to database
2021-07-28T23:28:41.635Z [32minfo[39m: 	⚡️[server]:  API is running at port :5000  
2021-07-28T23:28:43.072Z [32minfo[39m: 	Successfully connected to database
2021-07-28T23:28:53.053Z [32minfo[39m: 	⚡️[server]:  API is running at port :5000  
2021-07-28T23:28:54.336Z [32minfo[39m: 	Successfully connected to database
2021-07-28T23:29:30.379Z [32minfo[39m: 	⚡️[server]:  API is running at port :5000  
2021-07-28T23:29:51.908Z [31merror[39m: 	Error while connecting to database:  connect ETIMEDOUT 65.0.246.41:27017
2021-07-28T23:29:55.082Z [32minfo[39m: 	Successfully connected to database
2021-07-28T23:34:42.587Z [32minfo[39m: 	⚡️[server]:  API is running at port :5000  
2021-07-28T23:34:44.947Z [32minfo[39m: 	Successfully connected to database
2021-07-28T23:37:49.828Z [32minfo[39m: 	⚡️[server]:  API is running at port :5000  
2021-07-28T23:37:51.371Z [32minfo[39m: 	Successfully connected to database
2021-07-28T23:38:25.162Z [32minfo[39m: 	⚡️[server]:  API is running at port :5000  
2021-07-28T23:38:26.358Z [32minfo[39m: 	Successfully connected to database
2021-07-28T23:42:16.586Z [32minfo[39m: 	⚡️[server]:  API is running at port :5000  
2021-07-28T23:42:18.214Z [32minfo[39m: 	Successfully connected to database
2021-07-28T23:42:32.752Z [32minfo[39m: 	⚡️[server]:  API is running at port :5000  
2021-07-28T23:42:44.133Z [32minfo[39m: 	Successfully connected to database
2021-07-28T23:44:55.799Z [32minfo[39m: 	⚡️[server]:  API is running at port :5000  
2021-07-28T23:44:58.670Z [32minfo[39m: 	Successfully connected to database
2021-07-28T23:46:21.967Z [32minfo[39m: 	⚡️[server]:  API is running at port :5000  
2021-07-28T23:46:23.852Z [32minfo[39m: 	Successfully connected to database
2021-07-28T23:46:50.307Z [32minfo[39m: 	⚡️[server]:  API is running at port :5000  
2021-07-28T23:46:51.572Z [32minfo[39m: 	Successfully connected to database
2021-07-28T23:52:12.104Z [32minfo[39m: 	⚡️[server]:  API is running at port :5000  
2021-07-28T23:52:44.961Z [31merror[39m: 	Error while connecting to database:  connect ETIMEDOUT 65.0.246.41:27017
2021-07-28T23:52:46.297Z [32minfo[39m: 	Successfully connected to database
2021-07-29T00:07:41.591Z [32minfo[39m: 	⚡️[server]:  API is running at port :5000  
2021-07-29T00:07:43.008Z [32minfo[39m: 	Successfully connected to database
2021-07-29T00:07:52.986Z [32minfo[39m: 	⚡️[server]:  API is running at port :5000  
2021-07-29T00:07:54.229Z [32minfo[39m: 	Successfully connected to database
2021-07-29T00:08:17.957Z [32minfo[39m: 	⚡️[server]:  API is running at port :5000  
2021-07-29T00:08:20.812Z [32minfo[39m: 	⚡️[server]:  API is running at port :5000  
2021-07-29T00:08:22.078Z [32minfo[39m: 	Successfully connected to database
2021-07-29T00:08:25.436Z [32minfo[39m: 	⚡️[server]:  API is running at port :5000  
2021-07-29T00:08:26.693Z [32minfo[39m: 	Successfully connected to database
2021-07-29T00:08:37.463Z [32minfo[39m: 	⚡️[server]:  API is running at port :5000  
2021-07-29T00:08:47.756Z [32minfo[39m: 	⚡️[server]:  API is running at port :5000  
2021-07-29T00:08:49.256Z [32minfo[39m: 	Successfully connected to database
2021-07-29T00:12:34.453Z [32minfo[39m: 	⚡️[server]:  API is running at port :5000  
2021-07-29T00:12:36.131Z [32minfo[39m: 	Successfully connected to database
2021-07-29T00:14:34.650Z [32minfo[39m: 	⚡️[server]:  API is running at port :5000  
2021-07-29T00:14:36.530Z [32minfo[39m: 	Successfully connected to database
2021-07-29T00:14:55.881Z [32minfo[39m: 	⚡️[server]:  API is running at port :5000  
2021-07-29T00:14:57.173Z [32minfo[39m: 	Successfully connected to database
2021-07-29T00:14:59.064Z [32minfo[39m: 	⚡️[server]:  API is running at port :5000  
2021-07-29T00:15:00.367Z [32minfo[39m: 	Successfully connected to database
2021-07-29T00:15:14.182Z [32minfo[39m: 	⚡️[server]:  API is running at port :5000  
2021-07-29T00:15:15.461Z [32minfo[39m: 	Successfully connected to database
2021-07-29T00:15:28.410Z [32minfo[39m: 	⚡️[server]:  API is running at port :5000  
2021-07-29T00:15:29.672Z [32minfo[39m: 	Successfully connected to database
2021-07-29T00:16:00.576Z [32minfo[39m: 	⚡️[server]:  API is running at port :5000  
2021-07-29T00:16:02.903Z [32minfo[39m: 	Successfully connected to database
2021-07-29T00:16:20.389Z [32minfo[39m: 	⚡️[server]:  API is running at port :5000  
2021-07-29T00:16:31.707Z [32minfo[39m: 	Successfully connected to database
2021-07-29T00:18:24.867Z [32minfo[39m: 	⚡️[server]:  API is running at port :5000  
2021-07-29T00:18:27.607Z [32minfo[39m: 	Successfully connected to database
2021-07-29T00:18:35.465Z [32minfo[39m: 	⚡️[server]:  API is running at port :5000  
2021-07-29T00:18:36.754Z [32minfo[39m: 	Successfully connected to database
2021-07-29T00:25:33.983Z [32minfo[39m: 	⚡️[server]:  API is running at port :5000  
2021-07-29T00:25:35.873Z [32minfo[39m: 	Successfully connected to database
2021-07-29T00:27:35.773Z [32minfo[39m: 	⚡️[server]:  API is running at port :5000  
2021-07-29T00:27:40.927Z [32minfo[39m: 	⚡️[server]:  API is running at port :5000  
2021-07-29T00:27:42.173Z [32minfo[39m: 	Successfully connected to database
2021-07-29T00:36:34.247Z [32minfo[39m: 	⚡️[server]:  API is running at port :5000  
2021-07-29T00:36:53.571Z [32minfo[39m: 	⚡️[server]:  API is running at port :5000  
2021-07-29T00:37:04.815Z [32minfo[39m: 	Successfully connected to database
2021-07-29T00:39:33.936Z [32minfo[39m: 	⚡️[server]:  API is running at port :5000  
2021-07-29T00:39:35.602Z [32minfo[39m: 	Successfully connected to database
2021-07-29T00:40:03.027Z [32minfo[39m: 	⚡️[server]:  API is running at port :5000  
2021-07-29T00:40:04.330Z [32minfo[39m: 	Successfully connected to database
2021-07-29T00:58:42.972Z [32minfo[39m: 	⚡️[server]:  API is running at port :5000  
2021-07-29T00:58:44.685Z [32minfo[39m: 	Successfully connected to database
2021-07-29T00:58:55.810Z [32minfo[39m: 	⚡️[server]:  API is running at port :5000  
2021-07-29T00:59:13.541Z [32minfo[39m: 	⚡️[server]:  API is running at port :5000  
2021-07-29T00:59:14.790Z [32minfo[39m: 	Successfully connected to database
2021-07-29T01:00:45.489Z [32minfo[39m: 	⚡️[server]:  API is running at port :5000  
2021-07-29T01:00:46.952Z [32minfo[39m: 	Successfully connected to database
2021-07-29T01:00:55.299Z [32minfo[39m: 	⚡️[server]:  API is running at port :5000  
2021-07-29T01:00:56.529Z [32minfo[39m: 	Successfully connected to database
2021-07-29T01:01:16.502Z [32minfo[39m: 	⚡️[server]:  API is running at port :5000  
2021-07-29T01:01:26.184Z [32minfo[39m: 	⚡️[server]:  API is running at port :5000  
2021-07-29T01:01:27.394Z [32minfo[39m: 	Successfully connected to database
2021-07-29T01:04:47.288Z [32minfo[39m: 	⚡️[server]:  API is running at port :5000  
2021-07-29T01:04:48.258Z [31merror[39m: 	Error while connecting to database:  bad auth : Authentication failed.
2021-07-29T01:04:48.901Z [31merror[39m: 	Error while connecting to database:  bad auth : Authentication failed.
2021-07-29T01:04:49.570Z [31merror[39m: 	Error while connecting to database:  bad auth : Authentication failed.
2021-07-29T01:04:50.224Z [31merror[39m: 	Error while connecting to database:  bad auth : Authentication failed.
2021-07-29T01:04:50.853Z [31merror[39m: 	Error while connecting to database:  bad auth : Authentication failed.
2021-07-29T01:04:51.463Z [31merror[39m: 	Error while connecting to database:  bad auth : Authentication failed.
2021-07-29T01:04:52.096Z [31merror[39m: 	Error while connecting to database:  bad auth : Authentication failed.
2021-07-29T01:04:52.691Z [31merror[39m: 	Error while connecting to database:  bad auth : Authentication failed.
2021-07-29T01:04:53.341Z [31merror[39m: 	Error while connecting to database:  bad auth : Authentication failed.
2021-07-29T01:04:53.973Z [31merror[39m: 	Error while connecting to database:  bad auth : Authentication failed.
2021-07-29T01:04:54.593Z [31merror[39m: 	Error while connecting to database:  bad auth : Authentication failed.
2021-07-29T01:04:55.246Z [31merror[39m: 	Error while connecting to database:  bad auth : Authentication failed.
2021-07-29T01:04:55.885Z [31merror[39m: 	Error while connecting to database:  bad auth : Authentication failed.
2021-07-29T01:04:56.482Z [31merror[39m: 	Error while connecting to database:  bad auth : Authentication failed.
2021-07-29T01:04:57.042Z [31merror[39m: 	Error while connecting to database:  bad auth : Authentication failed.
2021-07-29T01:05:07.663Z [31merror[39m: 	Error while connecting to database:  bad auth : Authentication failed.
2021-07-29T01:05:08.314Z [31merror[39m: 	Error while connecting to database:  bad auth : Authentication failed.
2021-07-29T01:05:08.923Z [31merror[39m: 	Error while connecting to database:  bad auth : Authentication failed.
2021-07-29T01:05:09.573Z [31merror[39m: 	Error while connecting to database:  bad auth : Authentication failed.
2021-07-29T01:05:10.209Z [31merror[39m: 	Error while connecting to database:  bad auth : Authentication failed.
2021-07-29T01:05:10.807Z [31merror[39m: 	Error while connecting to database:  bad auth : Authentication failed.
2021-07-29T01:05:11.400Z [31merror[39m: 	Error while connecting to database:  bad auth : Authentication failed.
2021-07-29T01:05:11.998Z [31merror[39m: 	Error while connecting to database:  bad auth : Authentication failed.
2021-07-29T01:05:22.633Z [31merror[39m: 	Error while connecting to database:  bad auth : Authentication failed.
2021-07-29T01:05:23.316Z [31merror[39m: 	Error while connecting to database:  bad auth : Authentication failed.
2021-07-29T01:05:23.939Z [31merror[39m: 	Error while connecting to database:  bad auth : Authentication failed.
2021-07-29T01:05:24.555Z [31merror[39m: 	Error while connecting to database:  bad auth : Authentication failed.
2021-07-29T01:05:35.161Z [31merror[39m: 	Error while connecting to database:  bad auth : Authentication failed.
2021-07-29T01:08:06.144Z [32minfo[39m: 	⚡️[server]:  API is running at port :5000  
2021-07-29T01:08:10.027Z [32minfo[39m: 	Successfully connected to database
2021-07-29T01:14:43.200Z [32minfo[39m: 	⚡️[server]:  API is running at port :5000  
2021-07-29T01:14:46.468Z [32minfo[39m: 	Successfully connected to database
2021-07-29T01:14:51.158Z [32minfo[39m: 	⚡️[server]:  API is running at port :5000  
2021-07-29T01:14:52.440Z [32minfo[39m: 	Successfully connected to database
2021-07-29T01:16:27.357Z [32minfo[39m: 	⚡️[server]:  API is running at port :5000  
2021-07-29T01:16:38.914Z [32minfo[39m: 	Successfully connected to database
2021-07-29T01:17:36.441Z [32minfo[39m: 	⚡️[server]:  API is running at port :5000  
2021-07-29T01:17:37.883Z [32minfo[39m: 	Successfully connected to database
2021-07-29T01:25:24.747Z [32minfo[39m: 	⚡️[server]:  API is running at port :5000  
2021-07-29T01:25:27.054Z [32minfo[39m: 	Successfully connected to database
2021-07-29T01:27:05.107Z [32minfo[39m: 	⚡️[server]:  API is running at port :5000  
2021-07-29T01:27:07.645Z [32minfo[39m: 	Successfully connected to database
2021-07-29T01:29:04.876Z [32minfo[39m: 	⚡️[server]:  API is running at port :5000  
2021-07-29T01:29:06.474Z [32minfo[39m: 	Successfully connected to database
2021-07-29T01:32:29.646Z [32minfo[39m: 	⚡️[server]:  API is running at port :5000  
2021-07-29T01:32:33.418Z [32minfo[39m: 	⚡️[server]:  API is running at port :5000  
2021-07-29T01:32:34.708Z [32minfo[39m: 	Successfully connected to database
2021-07-29T01:35:47.681Z [32minfo[39m: 	⚡️[server]:  API is running at port :5000  
2021-07-29T01:35:49.552Z [32minfo[39m: 	Successfully connected to database
2021-07-29T01:36:52.593Z [31merror[39m: 	[post/createSubCategory]Error occured while saving the record
2021-07-29T01:37:25.020Z [32minfo[39m: 	⚡️[server]:  API is running at port :5000  
2021-07-29T01:37:36.534Z [32minfo[39m: 	Successfully connected to database
2021-07-29T01:37:38.084Z [31merror[39m: 	[post/createSubCategory]Error occured while saving the record
2021-07-29T01:38:25.701Z [32minfo[39m: 	⚡️[server]:  API is running at port :5000  
2021-07-29T01:38:28.403Z [32minfo[39m: 	Successfully connected to database
2021-07-29T01:38:30.911Z [31merror[39m: 	[post/createSubCategory]Error occured while saving the record
2021-07-29T01:38:32.362Z [31merror[39m: 	[post/createSubCategory]Error occured while saving the record
2021-07-29T13:15:44.524Z [32minfo[39m: 	⚡️[server]:  API is running at port :5000  
2021-07-29T13:15:50.202Z [32minfo[39m: 	Successfully connected to database
2021-07-29T13:23:51.674Z [32minfo[39m: 	⚡️[server]:  API is running at port :5000  
2021-07-29T13:23:53.052Z [32minfo[39m: 	Successfully connected to database
2021-07-29T13:40:46.056Z [32minfo[39m: 	⚡️[server]:  API is running at port :5000  
2021-07-29T13:40:47.536Z [32minfo[39m: 	Successfully connected to database
2021-07-29T13:41:49.651Z [32minfo[39m: 	⚡️[server]:  API is running at port :5000  
2021-07-29T13:41:50.945Z [32minfo[39m: 	Successfully connected to database
2021-07-29T13:51:38.766Z [31merror[39m: 	[post/login]Error occured while login 
2021-07-29T13:52:53.611Z [31merror[39m: 	[post/createProduct]Error occured while saving the record
2021-07-29T13:53:28.127Z [32minfo[39m: 	⚡️[server]:  API is running at port :5000  
2021-07-29T13:53:30.747Z [32minfo[39m: 	Successfully connected to database
2021-07-29T13:55:32.727Z [32minfo[39m: 	⚡️[server]:  API is running at port :5000  
2021-07-29T13:55:44.258Z [32minfo[39m: 	Successfully connected to database
2021-07-29T13:56:11.639Z [32minfo[39m: 	⚡️[server]:  API is running at port :5000  
2021-07-29T13:56:12.658Z [32minfo[39m: 	Successfully connected to database
2021-07-29T13:56:37.364Z [32minfo[39m: 	⚡️[server]:  API is running at port :5000  
2021-07-29T13:56:40.432Z [32minfo[39m: 	Successfully connected to database
2021-07-29T13:57:01.481Z [32minfo[39m: 	⚡️[server]:  API is running at port :5000  
2021-07-29T13:57:22.943Z [31merror[39m: 	Error while connecting to database:  connect ETIMEDOUT 65.2.99.243:27017
2021-07-29T13:57:24.067Z [32minfo[39m: 	Successfully connected to database
2021-07-29T13:57:31.977Z [31merror[39m: 	[post/createProduct]Error occured while saving the record
2021-07-29T13:57:58.977Z [32minfo[39m: 	⚡️[server]:  API is running at port :5000  
2021-07-29T13:58:00.150Z [32minfo[39m: 	Successfully connected to database
2021-07-29T13:58:11.458Z [31merror[39m: 	[post/createProduct]Error occured while saving the record
2021-07-29T13:59:25.014Z [32minfo[39m: 	⚡️[server]:  API is running at port :5000  
2021-07-29T13:59:45.483Z [32minfo[39m: 	⚡️[server]:  API is running at port :5000  
2021-07-29T13:59:46.390Z [32minfo[39m: 	Successfully connected to database
2021-07-29T14:01:56.631Z [32minfo[39m: 	⚡️[server]:  API is running at port :5000  
2021-07-29T14:01:57.887Z [32minfo[39m: 	Successfully connected to database
2021-07-29T14:02:09.160Z [32minfo[39m: 	⚡️[server]:  API is running at port :5000  
2021-07-29T14:02:10.127Z [32minfo[39m: 	Successfully connected to database
2021-07-29T14:19:17.459Z [32minfo[39m: 	⚡️[server]:  API is running at port :5000  
2021-07-29T14:19:28.707Z [32minfo[39m: 	Successfully connected to database
2021-07-29T14:23:29.375Z [32minfo[39m: 	⚡️[server]:  API is running at port :5000  
2021-07-29T14:23:30.835Z [32minfo[39m: 	Successfully connected to database
